<?xml version="1.0" encoding="UTF-8" standalone="no"?>
<!DOCTYPE log SYSTEM "logger.dtd">
<log>
<record>
  <date>2022-02-10T21:57:20.418263400Z</date>
  <millis>1644530240418</millis>
  <nanos>263400</nanos>
  <sequence>0</sequence>
  <logger>org.uma.jmetal.util.JMetalLogger</logger>
  <level>INFO</level>
  <class>org.uma.jmetal.util.JMetalLogger</class>
  <method>configureLoggers</method>
  <thread>1</thread>
  <message>Loggers configured with null</message>
</record>
<record>
  <date>2022-02-10T21:57:20.497261700Z</date>
  <millis>1644530240497</millis>
  <nanos>261700</nanos>
  <sequence>1</sequence>
  <logger>org.uma.jmetal.util.JMetalLogger</logger>
  <level>INFO</level>
  <class>it.unisa.NStudentsRunner</class>
  <method>main</method>
  <thread>1</thread>
  <message>Problem: Vision Range Problem</message>
</record>
<record>
  <date>2022-02-10T21:57:20.509260Z</date>
  <millis>1644530240509</millis>
  <nanos>260000</nanos>
  <sequence>2</sequence>
  <logger>org.uma.jmetal.util.JMetalLogger</logger>
  <level>INFO</level>
  <class>it.unisa.NStudentsRunner</class>
  <method>main</method>
  <thread>1</thread>
  <message>Solutions: 
[Variables: 5 7 4 0 3 5 4 1 0 6 0 4 3 7 5 1 4 4 1 0 Objectives: 0.0 0.0 Constraints: 	AlgorithmAttributes: {org.uma.jmetal.component.ranking.impl.FastNonDominatedSortRanking=0}
, Variables: 1 1 3 6 5 3 3 1 2 7 4 7 1 0 1 7 0 5 0 5 Objectives: 0.0 0.0 Constraints: 	AlgorithmAttributes: {org.uma.jmetal.component.ranking.impl.FastNonDominatedSortRanking=0}
, Variables: 1 4 0 4 2 5 2 5 3 6 0 7 0 7 3 0 5 4 2 7 Objectives: 0.0 0.0 Constraints: 	AlgorithmAttributes: {org.uma.jmetal.component.ranking.impl.FastNonDominatedSortRanking=0}
, Variables: 5 5 5 0 1 1 5 2 3 5 2 5 5 0 5 1 1 5 5 3 Objectives: 0.0 0.0 Constraints: 	AlgorithmAttributes: {org.uma.jmetal.component.ranking.impl.FastNonDominatedSortRanking=0}
, Variables: 2 0 3 4 2 1 0 4 3 4 4 5 4 4 3 1 4 5 2 4 Objectives: 0.0 0.0 Constraints: 	AlgorithmAttributes: {org.uma.jmetal.component.ranking.impl.FastNonDominatedSortRanking=0}
, Variables: 3 4 0 2 0 4 0 2 1 6 5 7 5 5 3 4 3 4 2 4 Objectives: 0.0 0.0 Constraints: 	AlgorithmAttributes: {org.uma.jmetal.component.ranking.impl.FastNonDominatedSortRanking=0}
, Variables: 0 4 4 3 1 6 1 5 2 4 2 2 3 7 5 3 4 3 0 4 Objectives: 0.0 0.0 Constraints: 	AlgorithmAttributes: {org.uma.jmetal.component.ranking.impl.FastNonDominatedSortRanking=0}
, Variables: 0 1 0 4 2 5 3 5 0 7 2 5 1 6 0 6 3 4 2 2 Objectives: 0.0 0.0 Constraints: 	AlgorithmAttributes: {org.uma.jmetal.component.ranking.impl.FastNonDominatedSortRanking=0}
, Variables: 5 7 0 5 1 2 0 5 2 3 4 6 0 6 3 3 3 5 4 2 Objectives: 0.0 0.0 Constraints: 	AlgorithmAttributes: {org.uma.jmetal.component.ranking.impl.FastNonDominatedSortRanking=0}
, Variables: 2 7 4 1 5 6 2 7 2 4 3 2 4 4 2 5 4 6 3 4 Objectives: 0.0 0.0 Constraints: 	AlgorithmAttributes: {org.uma.jmetal.component.ranking.impl.FastNonDominatedSortRanking=0}
, Variables: 4 3 3 6 1 4 3 3 3 6 5 7 5 2 4 0 1 0 1 7 Objectives: 0.0 0.0 Constraints: 	AlgorithmAttributes: {org.uma.jmetal.component.ranking.impl.FastNonDominatedSortRanking=0}
, Variables: 2 7 3 2 5 4 5 3 5 5 2 6 0 6 3 4 4 5 0 4 Objectives: 0.0 0.0 Constraints: 	AlgorithmAttributes: {org.uma.jmetal.component.ranking.impl.FastNonDominatedSortRanking=0}
, Variables: 0 6 0 4 2 3 2 4 0 1 0 0 1 4 4 1 2 7 2 5 Objectives: 0.0 0.0 Constraints: 	AlgorithmAttributes: {org.uma.jmetal.component.ranking.impl.FastNonDominatedSortRanking=0}
, Variables: 3 5 5 4 1 0 5 6 4 4 1 4 0 3 4 1 2 0 2 0 Objectives: 0.0 0.0 Constraints: 	AlgorithmAttributes: {org.uma.jmetal.component.ranking.impl.FastNonDominatedSortRanking=0}
, Variables: 4 4 3 3 4 3 5 3 3 4 3 1 2 2 2 7 1 2 2 4 Objectives: 0.0 0.0 Constraints: 	AlgorithmAttributes: {org.uma.jmetal.component.ranking.impl.FastNonDominatedSortRanking=0}
, Variables: 2 4 3 1 4 4 0 1 3 0 3 7 5 2 4 3 0 6 2 6 Objectives: 0.0 0.0 Constraints: 	AlgorithmAttributes: {org.uma.jmetal.component.ranking.impl.FastNonDominatedSortRanking=0}
, Variables: 1 7 3 4 0 7 2 2 0 2 3 0 2 2 2 1 4 4 5 0 Objectives: 0.0 0.0 Constraints: 	AlgorithmAttributes: {org.uma.jmetal.component.ranking.impl.FastNonDominatedSortRanking=0}
, Variables: 0 5 3 2 5 6 4 1 0 6 1 7 0 2 5 3 0 2 1 6 Objectives: 0.0 0.0 Constraints: 	AlgorithmAttributes: {org.uma.jmetal.component.ranking.impl.FastNonDominatedSortRanking=0}
, Variables: 2 5 1 3 1 4 0 4 0 5 4 0 2 0 2 5 2 5 5 2 Objectives: 0.0 0.0 Constraints: 	AlgorithmAttributes: {org.uma.jmetal.component.ranking.impl.FastNonDominatedSortRanking=0}
, Variables: 2 2 0 2 2 4 2 5 0 5 5 4 0 2 2 6 2 1 0 3 Objectives: 0.0 0.0 Constraints: 	AlgorithmAttributes: {org.uma.jmetal.component.ranking.impl.FastNonDominatedSortRanking=0}
, Variables: 1 0 5 4 4 3 4 5 5 1 3 3 5 4 1 0 4 2 3 6 Objectives: 0.0 0.0 Constraints: 	AlgorithmAttributes: {org.uma.jmetal.component.ranking.impl.FastNonDominatedSortRanking=0}
, Variables: 4 5 2 6 0 3 5 4 1 6 3 1 1 5 5 6 1 4 3 6 Objectives: 0.0 0.0 Constraints: 	AlgorithmAttributes: {org.uma.jmetal.component.ranking.impl.FastNonDominatedSortRanking=0}
, Variables: 5 1 4 6 4 4 5 1 4 4 5 5 2 2 5 3 0 2 5 2 Objectives: 0.0 0.0 Constraints: 	AlgorithmAttributes: {org.uma.jmetal.component.ranking.impl.FastNonDominatedSortRanking=0}
, Variables: 3 3 5 7 0 3 1 7 1 5 4 7 1 3 3 0 5 7 4 3 Objectives: 0.0 0.0 Constraints: 	AlgorithmAttributes: {org.uma.jmetal.component.ranking.impl.FastNonDominatedSortRanking=0}
, Variables: 2 5 5 6 4 4 4 7 5 2 3 1 1 1 5 0 5 1 2 3 Objectives: 0.0 0.0 Constraints: 	AlgorithmAttributes: {org.uma.jmetal.component.ranking.impl.FastNonDominatedSortRanking=0}
, Variables: 4 0 5 1 5 5 4 0 1 7 0 4 5 6 5 6 0 1 2 2 Objectives: 0.0 0.0 Constraints: 	AlgorithmAttributes: {org.uma.jmetal.component.ranking.impl.FastNonDominatedSortRanking=0}
, Variables: 1 3 2 0 1 7 3 7 0 0 3 1 1 5 4 1 5 2 0 2 Objectives: 0.0 0.0 Constraints: 	AlgorithmAttributes: {org.uma.jmetal.component.ranking.impl.FastNonDominatedSortRanking=0}
, Variables: 1 7 3 5 1 4 2 5 0 0 2 0 2 0 5 6 0 1 0 7 Objectives: 0.0 0.0 Constraints: 	AlgorithmAttributes: {org.uma.jmetal.component.ranking.impl.FastNonDominatedSortRanking=0}
, Variables: 5 7 0 1 3 5 5 6 1 7 0 0 5 6 5 7 4 2 3 6 Objectives: 0.0 0.0 Constraints: 	AlgorithmAttributes: {org.uma.jmetal.component.ranking.impl.FastNonDominatedSortRanking=0}
, Variables: 4 0 5 2 5 1 2 3 3 2 4 2 2 4 0 1 3 5 4 5 Objectives: 0.0 0.0 Constraints: 	AlgorithmAttributes: {org.uma.jmetal.component.ranking.impl.FastNonDominatedSortRanking=0}
, Variables: 0 7 3 0 0 5 5 2 1 1 1 6 4 1 4 4 2 1 0 5 Objectives: 0.0 0.0 Constraints: 	AlgorithmAttributes: {org.uma.jmetal.component.ranking.impl.FastNonDominatedSortRanking=0}
, Variables: 0 5 0 4 0 6 5 2 2 5 0 7 5 2 5 2 5 7 1 6 Objectives: 0.0 0.0 Constraints: 	AlgorithmAttributes: {org.uma.jmetal.component.ranking.impl.FastNonDominatedSortRanking=0}
, Variables: 2 6 5 1 2 3 5 1 5 2 4 1 0 5 3 1 5 1 3 3 Objectives: 0.0 0.0 Constraints: 	AlgorithmAttributes: {org.uma.jmetal.component.ranking.impl.FastNonDominatedSortRanking=0}
, Variables: 2 0 2 1 3 1 3 1 3 4 1 2 5 5 1 6 0 6 5 4 Objectives: 0.0 0.0 Constraints: 	AlgorithmAttributes: {org.uma.jmetal.component.ranking.impl.FastNonDominatedSortRanking=0}
, Variables: 5 4 3 7 2 2 5 0 5 4 0 4 3 6 2 2 4 7 3 0 Objectives: 0.0 0.0 Constraints: 	AlgorithmAttributes: {org.uma.jmetal.component.ranking.impl.FastNonDominatedSortRanking=0}
, Variables: 2 2 1 5 3 5 0 2 0 0 0 1 0 0 0 3 3 2 2 7 Objectives: 0.0 0.0 Constraints: 	AlgorithmAttributes: {org.uma.jmetal.component.ranking.impl.FastNonDominatedSortRanking=0}
, Variables: 3 3 2 6 0 7 1 0 4 0 3 4 0 0 1 0 2 0 5 2 Objectives: 0.0 0.0 Constraints: 	AlgorithmAttributes: {org.uma.jmetal.component.ranking.impl.FastNonDominatedSortRanking=0}
, Variables: 0 4 0 1 0 4 3 1 5 7 3 2 1 1 4 2 0 7 2 7 Objectives: 0.0 0.0 Constraints: 	AlgorithmAttributes: {org.uma.jmetal.component.ranking.impl.FastNonDominatedSortRanking=0}
, Variables: 1 5 5 3 5 6 4 2 4 0 1 1 4 4 1 2 5 1 3 1 Objectives: 0.0 0.0 Constraints: 	AlgorithmAttributes: {org.uma.jmetal.component.ranking.impl.FastNonDominatedSortRanking=0}
, Variables: 2 6 0 6 5 7 2 4 0 0 3 7 5 5 5 4 4 1 4 0 Objectives: 0.0 0.0 Constraints: 	AlgorithmAttributes: {org.uma.jmetal.component.ranking.impl.FastNonDominatedSortRanking=0}
, Variables: 2 4 5 1 3 1 0 6 0 2 1 1 2 2 2 6 2 0 5 7 Objectives: 0.0 0.0 Constraints: 	AlgorithmAttributes: {org.uma.jmetal.component.ranking.impl.FastNonDominatedSortRanking=0}
, Variables: 1 5 5 1 1 7 4 2 3 6 2 4 2 2 5 6 1 4 1 4 Objectives: 0.0 0.0 Constraints: 	AlgorithmAttributes: {org.uma.jmetal.component.ranking.impl.FastNonDominatedSortRanking=0}
, Variables: 0 4 2 4 0 4 3 1 0 6 2 4 3 6 3 0 2 2 4 0 Objectives: 0.0 0.0 Constraints: 	AlgorithmAttributes: {org.uma.jmetal.component.ranking.impl.FastNonDominatedSortRanking=0}
, Variables: 2 1 3 2 2 0 0 2 2 1 3 0 4 6 1 1 4 6 1 7 Objectives: 0.0 0.0 Constraints: 	AlgorithmAttributes: {org.uma.jmetal.component.ranking.impl.FastNonDominatedSortRanking=0}
, Variables: 1 0 3 3 3 3 3 2 4 7 0 7 0 7 2 5 0 2 3 0 Objectives: 0.0 0.0 Constraints: 	AlgorithmAttributes: {org.uma.jmetal.component.ranking.impl.FastNonDominatedSortRanking=0}
, Variables: 3 7 3 2 2 6 1 3 0 7 2 6 4 6 1 0 2 2 3 5 Objectives: 0.0 0.0 Constraints: 	AlgorithmAttributes: {org.uma.jmetal.component.ranking.impl.FastNonDominatedSortRanking=0}
, Variables: 3 5 3 5 4 7 2 4 5 4 3 7 1 7 2 0 1 0 0 7 Objectives: 0.0 0.0 Constraints: 	AlgorithmAttributes: {org.uma.jmetal.component.ranking.impl.FastNonDominatedSortRanking=0}
, Variables: 1 7 3 5 1 2 0 7 2 6 1 6 1 2 2 0 5 0 1 4 Objectives: 0.0 0.0 Constraints: 	AlgorithmAttributes: {org.uma.jmetal.component.ranking.impl.FastNonDominatedSortRanking=0}
, Variables: 5 2 5 5 4 0 3 2 4 0 3 1 4 4 5 0 4 6 2 5 Objectives: 0.0 0.0 Constraints: 	AlgorithmAttributes: {org.uma.jmetal.component.ranking.impl.FastNonDominatedSortRanking=0}
, Variables: 0 2 1 5 0 6 0 0 0 4 4 6 2 3 1 7 5 7 2 0 Objectives: 0.0 0.0 Constraints: 	AlgorithmAttributes: {org.uma.jmetal.component.ranking.impl.FastNonDominatedSortRanking=0}
, Variables: 1 2 1 0 2 2 0 0 1 7 3 2 3 6 4 3 5 3 3 5 Objectives: 0.0 0.0 Constraints: 	AlgorithmAttributes: {org.uma.jmetal.component.ranking.impl.FastNonDominatedSortRanking=0}
, Variables: 1 2 5 1 1 3 4 2 5 6 4 7 4 5 0 4 4 4 2 7 Objectives: 0.0 0.0 Constraints: 	AlgorithmAttributes: {org.uma.jmetal.component.ranking.impl.FastNonDominatedSortRanking=0}
, Variables: 5 4 3 5 3 4 4 4 4 5 0 1 4 2 0 4 2 3 1 0 Objectives: 0.0 0.0 Constraints: 	AlgorithmAttributes: {org.uma.jmetal.component.ranking.impl.FastNonDominatedSortRanking=0}
, Variables: 5 4 5 4 3 3 3 5 2 5 1 5 3 4 5 6 3 5 5 1 Objectives: 0.0 0.0 Constraints: 	AlgorithmAttributes: {org.uma.jmetal.component.ranking.impl.FastNonDominatedSortRanking=0}
, Variables: 1 6 4 5 4 5 4 7 3 3 3 5 2 1 3 7 0 7 0 3 Objectives: 0.0 0.0 Constraints: 	AlgorithmAttributes: {org.uma.jmetal.component.ranking.impl.FastNonDominatedSortRanking=0}
, Variables: 5 1 5 3 0 2 3 2 0 1 3 0 3 0 4 0 0 4 1 0 Objectives: 0.0 0.0 Constraints: 	AlgorithmAttributes: {org.uma.jmetal.component.ranking.impl.FastNonDominatedSortRanking=0}
, Variables: 3 3 3 1 0 0 1 4 0 1 4 4 3 1 5 3 0 7 0 1 Objectives: 0.0 0.0 Constraints: 	AlgorithmAttributes: {org.uma.jmetal.component.ranking.impl.FastNonDominatedSortRanking=0}
, Variables: 0 6 3 3 0 3 5 6 1 5 2 3 0 6 1 6 1 0 5 1 Objectives: 0.0 0.0 Constraints: 	AlgorithmAttributes: {org.uma.jmetal.component.ranking.impl.FastNonDominatedSortRanking=0}
, Variables: 2 7 5 1 5 6 3 1 0 2 5 1 4 7 5 5 3 3 1 1 Objectives: 0.0 0.0 Constraints: 	AlgorithmAttributes: {org.uma.jmetal.component.ranking.impl.FastNonDominatedSortRanking=0}
, Variables: 0 6 4 4 2 5 0 4 0 7 2 3 0 5 3 5 2 4 5 1 Objectives: 0.0 0.0 Constraints: 	AlgorithmAttributes: {org.uma.jmetal.component.ranking.impl.FastNonDominatedSortRanking=0}
, Variables: 1 0 5 3 5 6 1 6 4 3 5 0 5 2 2 3 4 2 2 1 Objectives: 0.0 0.0 Constraints: 	AlgorithmAttributes: {org.uma.jmetal.component.ranking.impl.FastNonDominatedSortRanking=0}
, Variables: 1 0 3 1 1 3 5 2 0 0 3 7 1 5 1 0 5 2 5 3 Objectives: 0.0 0.0 Constraints: 	AlgorithmAttributes: {org.uma.jmetal.component.ranking.impl.FastNonDominatedSortRanking=0}
, Variables: 3 2 0 6 5 0 3 0 2 1 3 2 0 6 1 5 0 4 1 3 Objectives: 0.0 0.0 Constraints: 	AlgorithmAttributes: {org.uma.jmetal.component.ranking.impl.FastNonDominatedSortRanking=0}
, Variables: 0 7 1 1 2 3 1 3 3 2 1 0 2 7 5 0 1 6 3 4 Objectives: 0.0 0.0 Constraints: 	AlgorithmAttributes: {org.uma.jmetal.component.ranking.impl.FastNonDominatedSortRanking=0}
, Variables: 2 7 3 4 5 6 3 1 0 3 2 6 1 3 0 4 5 0 4 6 Objectives: 0.0 0.0 Constraints: 	AlgorithmAttributes: {org.uma.jmetal.component.ranking.impl.FastNonDominatedSortRanking=0}
, Variables: 0 1 2 7 1 5 5 5 1 6 3 0 4 5 2 6 3 4 1 3 Objectives: 0.0 0.0 Constraints: 	AlgorithmAttributes: {org.uma.jmetal.component.ranking.impl.FastNonDominatedSortRanking=0}
, Variables: 5 5 2 6 4 6 2 7 3 6 5 5 0 4 1 5 3 6 4 7 Objectives: 0.0 0.0 Constraints: 	AlgorithmAttributes: {org.uma.jmetal.component.ranking.impl.FastNonDominatedSortRanking=0}
, Variables: 0 2 1 7 5 6 3 2 3 4 0 5 1 7 4 3 5 7 5 0 Objectives: 0.0 0.0 Constraints: 	AlgorithmAttributes: {org.uma.jmetal.component.ranking.impl.FastNonDominatedSortRanking=0}
, Variables: 1 0 1 2 0 7 2 3 3 7 5 1 3 5 5 7 1 4 4 4 Objectives: 0.0 0.0 Constraints: 	AlgorithmAttributes: {org.uma.jmetal.component.ranking.impl.FastNonDominatedSortRanking=0}
, Variables: 0 3 2 2 4 2 5 3 3 3 1 6 4 7 1 4 1 1 2 7 Objectives: 0.0 0.0 Constraints: 	AlgorithmAttributes: {org.uma.jmetal.component.ranking.impl.FastNonDominatedSortRanking=0}
, Variables: 5 1 5 1 2 6 5 2 4 1 0 4 2 6 1 5 5 2 3 0 Objectives: 0.0 0.0 Constraints: 	AlgorithmAttributes: {org.uma.jmetal.component.ranking.impl.FastNonDominatedSortRanking=0}
, Variables: 1 5 0 3 5 7 3 4 2 2 5 3 3 4 1 0 0 1 4 1 Objectives: 0.0 0.0 Constraints: 	AlgorithmAttributes: {org.uma.jmetal.component.ranking.impl.FastNonDominatedSortRanking=0}
, Variables: 3 3 2 1 0 3 3 6 3 3 1 7 1 4 3 3 3 7 4 5 Objectives: 0.0 0.0 Constraints: 	AlgorithmAttributes: {org.uma.jmetal.component.ranking.impl.FastNonDominatedSortRanking=0}
, Variables: 1 7 4 5 1 5 4 2 4 5 2 4 4 3 0 4 5 0 0 4 Objectives: 0.0 0.0 Constraints: 	AlgorithmAttributes: {org.uma.jmetal.component.ranking.impl.FastNonDominatedSortRanking=0}
, Variables: 1 2 0 6 4 0 2 2 2 5 5 1 5 5 1 0 3 0 2 0 Objectives: 0.0 0.0 Constraints: 	AlgorithmAttributes: {org.uma.jmetal.component.ranking.impl.FastNonDominatedSortRanking=0}
, Variables: 4 0 4 7 3 5 1 1 5 6 1 5 1 0 3 3 3 4 3 4 Objectives: 0.0 0.0 Constraints: 	AlgorithmAttributes: {org.uma.jmetal.component.ranking.impl.FastNonDominatedSortRanking=0}
, Variables: 2 1 1 1 5 0 5 7 4 1 4 5 3 7 1 0 1 2 5 7 Objectives: 0.0 0.0 Constraints: 	AlgorithmAttributes: {org.uma.jmetal.component.ranking.impl.FastNonDominatedSortRanking=0}
, Variables: 5 3 2 3 2 6 1 0 0 1 4 6 2 4 3 2 3 2 3 3 Objectives: 0.0 0.0 Constraints: 	AlgorithmAttributes: {org.uma.jmetal.component.ranking.impl.FastNonDominatedSortRanking=0}
, Variables: 4 3 3 5 2 2 2 4 4 3 0 7 2 6 1 1 1 7 0 6 Objectives: 0.0 0.0 Constraints: 	AlgorithmAttributes: {org.uma.jmetal.component.ranking.impl.FastNonDominatedSortRanking=0}
, Variables: 2 6 1 4 2 4 1 6 4 1 5 2 4 7 0 5 5 1 4 7 Objectives: 0.0 0.0 Constraints: 	AlgorithmAttributes: {org.uma.jmetal.component.ranking.impl.FastNonDominatedSortRanking=0}
, Variables: 4 2 3 1 0 6 2 1 0 0 3 0 4 7 4 7 3 5 2 6 Objectives: 0.0 0.0 Constraints: 	AlgorithmAttributes: {org.uma.jmetal.component.ranking.impl.FastNonDominatedSortRanking=0}
, Variables: 5 3 5 3 2 6 4 6 3 7 1 5 2 2 5 7 4 1 1 0 Objectives: 0.0 0.0 Constraints: 	AlgorithmAttributes: {org.uma.jmetal.component.ranking.impl.FastNonDominatedSortRanking=0}
, Variables: 0 6 4 0 4 1 0 4 3 2 4 6 2 6 4 4 0 3 2 2 Objectives: 0.0 0.0 Constraints: 	AlgorithmAttributes: {org.uma.jmetal.component.ranking.impl.FastNonDominatedSortRanking=0}
, Variables: 1 7 2 5 2 6 0 1 3 7 3 7 2 0 3 1 1 0 1 3 Objectives: 0.0 0.0 Constraints: 	AlgorithmAttributes: {org.uma.jmetal.component.ranking.impl.FastNonDominatedSortRanking=0}
, Variables: 0 0 1 4 4 6 0 6 4 2 5 3 1 4 3 2 0 4 0 6 Objectives: 0.0 0.0 Constraints: 	AlgorithmAttributes: {org.uma.jmetal.component.ranking.impl.FastNonDominatedSortRanking=0}
, Variables: 5 1 0 4 5 3 2 5 4 2 5 5 2 2 3 0 2 5 3 3 Objectives: 0.0 0.0 Constraints: 	AlgorithmAttributes: {org.uma.jmetal.component.ranking.impl.FastNonDominatedSortRanking=0}
, Variables: 0 4 1 0 4 5 0 7 3 5 1 1 1 0 2 1 3 5 3 6 Objectives: 0.0 0.0 Constraints: 	AlgorithmAttributes: {org.uma.jmetal.component.ranking.impl.FastNonDominatedSortRanking=0}
, Variables: 4 2 5 3 3 0 4 6 2 1 3 7 0 6 3 4 3 7 3 6 Objectives: 0.0 0.0 Constraints: 	AlgorithmAttributes: {org.uma.jmetal.component.ranking.impl.FastNonDominatedSortRanking=0}
, Variables: 3 6 5 3 4 1 1 4 4 7 1 2 2 0 0 6 1 7 1 3 Objectives: 0.0 0.0 Constraints: 	AlgorithmAttributes: {org.uma.jmetal.component.ranking.impl.FastNonDominatedSortRanking=0}
, Variables: 3 7 2 2 2 4 4 2 3 1 1 6 4 2 0 6 4 2 3 4 Objectives: 0.0 0.0 Constraints: 	AlgorithmAttributes: {org.uma.jmetal.component.ranking.impl.FastNonDominatedSortRanking=0}
, Variables: 1 6 0 5 0 0 4 6 2 3 4 6 4 4 4 7 3 2 2 7 Objectives: 0.0 0.0 Constraints: 	AlgorithmAttributes: {org.uma.jmetal.component.ranking.impl.FastNonDominatedSortRanking=0}
, Variables: 2 4 2 7 3 6 1 6 4 6 2 7 0 0 1 1 2 5 0 0 Objectives: 0.0 0.0 Constraints: 	AlgorithmAttributes: {org.uma.jmetal.component.ranking.impl.FastNonDominatedSortRanking=0}
, Variables: 5 0 0 3 4 5 0 0 2 1 4 6 2 7 2 0 2 1 2 2 Objectives: 0.0 0.0 Constraints: 	AlgorithmAttributes: {org.uma.jmetal.component.ranking.impl.FastNonDominatedSortRanking=0}
, Variables: 1 7 3 2 1 3 5 6 1 5 2 6 1 3 2 7 1 1 2 5 Objectives: 0.0 0.0 Constraints: 	AlgorithmAttributes: {org.uma.jmetal.component.ranking.impl.FastNonDominatedSortRanking=0}
, Variables: 2 0 2 1 5 0 5 3 3 4 2 6 1 4 0 6 1 4 2 2 Objectives: 0.0 0.0 Constraints: 	AlgorithmAttributes: {org.uma.jmetal.component.ranking.impl.FastNonDominatedSortRanking=0}
, Variables: 2 1 2 0 4 0 4 1 2 6 5 5 2 5 4 6 4 5 3 5 Objectives: 0.0 0.0 Constraints: 	AlgorithmAttributes: {org.uma.jmetal.component.ranking.impl.FastNonDominatedSortRanking=0}
, Variables: 2 2 3 5 5 4 5 6 0 2 5 7 4 4 4 1 0 6 5 4 Objectives: 0.0 0.0 Constraints: 	AlgorithmAttributes: {org.uma.jmetal.component.ranking.impl.FastNonDominatedSortRanking=0}
, Variables: 4 0 4 0 4 1 0 5 5 2 5 6 4 5 3 7 2 5 3 1 Objectives: 0.0 0.0 Constraints: 	AlgorithmAttributes: {org.uma.jmetal.component.ranking.impl.FastNonDominatedSortRanking=0}
, Variables: 2 0 0 0 3 3 1 1 2 1 3 3 1 2 4 6 0 7 0 6 Objectives: 0.0 0.0 Constraints: 	AlgorithmAttributes: {org.uma.jmetal.component.ranking.impl.FastNonDominatedSortRanking=0}
]
</message>
</record>
<record>
  <date>2022-02-10T21:57:20.514259500Z</date>
  <millis>1644530240514</millis>
  <nanos>259500</nanos>
  <sequence>3</sequence>
  <logger>org.uma.jmetal.util.JMetalLogger</logger>
  <level>INFO</level>
  <class>it.unisa.NStudentsRunner</class>
  <method>main</method>
  <thread>1</thread>
  <message>Total execution time: 8 ms</message>
</record>
</log>
