<?xml version="1.0" encoding="UTF-8" standalone="no"?>
<!DOCTYPE log SYSTEM "logger.dtd">
<log>
<record>
  <date>2022-02-03T09:40:19.976674Z</date>
  <millis>1643881219976</millis>
  <nanos>674000</nanos>
  <sequence>0</sequence>
  <logger>org.uma.jmetal.util.JMetalLogger</logger>
  <level>INFO</level>
  <class>org.uma.jmetal.util.JMetalLogger</class>
  <method>configureLoggers</method>
  <thread>1</thread>
  <message>Loggers configured with null</message>
</record>
<record>
  <date>2022-02-03T09:40:19.990744Z</date>
  <millis>1643881219990</millis>
  <nanos>744000</nanos>
  <sequence>1</sequence>
  <logger>org.uma.jmetal.util.JMetalLogger</logger>
  <level>INFO</level>
  <class>it.unisa.sesalab.ga.examples.NQueensRunner</class>
  <method>main</method>
  <thread>1</thread>
  <message>Problem: EightQueens</message>
</record>
<record>
  <date>2022-02-03T09:40:19.991052Z</date>
  <millis>1643881219991</millis>
  <nanos>52000</nanos>
  <sequence>2</sequence>
  <logger>org.uma.jmetal.util.JMetalLogger</logger>
  <level>INFO</level>
  <class>it.unisa.sesalab.ga.examples.NQueensRunner</class>
  <method>main</method>
  <thread>1</thread>
  <message>Solution: [9, 4, 20, 14, 2, 7, 18, 12, 8, 19, 17, 19, 13, 5, 1, 6, 15, 3, 11, 16]</message>
</record>
<record>
  <date>2022-02-03T09:40:19.991382Z</date>
  <millis>1643881219991</millis>
  <nanos>382000</nanos>
  <sequence>3</sequence>
  <logger>org.uma.jmetal.util.JMetalLogger</logger>
  <level>INFO</level>
  <class>it.unisa.sesalab.ga.examples.NQueensRunner</class>
  <method>main</method>
  <thread>1</thread>
  <message>Evaluation: [1.0]</message>
</record>
<record>
  <date>2022-02-03T09:40:19.991656Z</date>
  <millis>1643881219991</millis>
  <nanos>656000</nanos>
  <sequence>4</sequence>
  <logger>org.uma.jmetal.util.JMetalLogger</logger>
  <level>INFO</level>
  <class>it.unisa.sesalab.ga.examples.NQueensRunner</class>
  <method>main</method>
  <thread>1</thread>
  <message>Total execution time: 1291 ms</message>
</record>
</log>
